app/build/intermediates/manifest_merge_blame_file/release/manifest-merger-blame-release-report.txt
1<?xml version="1.0" encoding="utf-8"?>
2<manifest xmlns:android="http://schemas.android.com/apk/res/android"
3    package="com.jiankangpaika.app"
4    android:versionCode="1"
5    android:versionName="1.0.0" >
6
7    <uses-sdk
8        android:minSdkVersion="24"
9        android:targetSdkVersion="34" />
10
11    <!-- 网络权限 -->
12    <uses-permission android:name="android.permission.INTERNET" />
12-->src/main/AndroidManifest.xml:6:5-67
12-->src/main/AndroidManifest.xml:6:22-64
13    <uses-permission android:name="android.permission.ACCESS_NETWORK_STATE" />
13-->src/main/AndroidManifest.xml:7:5-79
13-->src/main/AndroidManifest.xml:7:22-76
14    <uses-permission android:name="android.permission.ACCESS_WIFI_STATE" />
14-->src/main/AndroidManifest.xml:8:5-76
14-->src/main/AndroidManifest.xml:8:22-73
15
16    <!-- 相机和存储权限 -->
17    <uses-permission android:name="android.permission.CAMERA" />
17-->src/main/AndroidManifest.xml:11:5-65
17-->src/main/AndroidManifest.xml:11:22-62
18    <!-- 声明相机硬件特性为可选，解决ChromeOS兼容性问题 -->
19    <uses-feature
19-->src/main/AndroidManifest.xml:13:5-85
20        android:name="android.hardware.camera"
20-->src/main/AndroidManifest.xml:13:19-57
21        android:required="false" />
21-->src/main/AndroidManifest.xml:13:58-82
22
23    <uses-permission android:name="android.permission.READ_EXTERNAL_STORAGE" />
23-->src/main/AndroidManifest.xml:14:5-80
23-->src/main/AndroidManifest.xml:14:22-77
24    <uses-permission android:name="android.permission.WRITE_EXTERNAL_STORAGE" />
24-->src/main/AndroidManifest.xml:15:5-81
24-->src/main/AndroidManifest.xml:15:22-78
25    <uses-permission android:name="android.permission.READ_MEDIA_IMAGES" />
25-->src/main/AndroidManifest.xml:16:5-76
25-->src/main/AndroidManifest.xml:16:22-73
26
27    <!-- 快手广告SDK所需权限 -->
28    <uses-permission android:name="android.permission.READ_PHONE_STATE" />
28-->src/main/AndroidManifest.xml:19:5-75
28-->src/main/AndroidManifest.xml:19:22-72
29    <uses-permission android:name="android.permission.ACCESS_COARSE_LOCATION" />
29-->src/main/AndroidManifest.xml:20:5-81
29-->src/main/AndroidManifest.xml:20:22-78
30    <uses-permission android:name="android.permission.ACCESS_FINE_LOCATION" />
30-->src/main/AndroidManifest.xml:21:5-79
30-->src/main/AndroidManifest.xml:21:22-76
31    <uses-permission android:name="android.permission.REQUEST_INSTALL_PACKAGES" />
31-->src/main/AndroidManifest.xml:22:5-83
31-->src/main/AndroidManifest.xml:22:22-80
32    <uses-permission android:name="android.permission.QUERY_ALL_PACKAGES" />
32-->src/main/AndroidManifest.xml:23:5-24:53
32-->src/main/AndroidManifest.xml:23:22-74
33    <uses-permission android:name="android.permission.POST_NOTIFICATIONS" />
33-->src/main/AndroidManifest.xml:25:5-77
33-->src/main/AndroidManifest.xml:25:22-74
34    <uses-permission android:name="android.permission.CHANGE_NETWORK_STATE" />
34-->src/main/AndroidManifest.xml:26:5-79
34-->src/main/AndroidManifest.xml:26:22-76
35    <uses-permission android:name="android.permission.VIBRATE" />
35-->src/main/AndroidManifest.xml:27:5-66
35-->src/main/AndroidManifest.xml:27:22-63
36
37    <!-- 穿山甲广告SDK所需权限 -->
38    <uses-permission android:name="android.permission.GET_TASKS" />
38-->src/main/AndroidManifest.xml:30:5-68
38-->src/main/AndroidManifest.xml:30:22-65
39    <uses-permission android:name="android.permission.CHANGE_WIFI_STATE" />
39-->src/main/AndroidManifest.xml:31:5-76
39-->src/main/AndroidManifest.xml:31:22-73
40    <uses-permission android:name="android.permission.WAKE_LOCK" />
40-->src/main/AndroidManifest.xml:32:5-68
40-->src/main/AndroidManifest.xml:32:22-65
41    <uses-permission android:name="android.permission.RECEIVE_USER_PRESENT" />
41-->src/main/AndroidManifest.xml:33:5-79
41-->src/main/AndroidManifest.xml:33:22-76
42    <uses-permission android:name="android.permission.SYSTEM_ALERT_WINDOW" />
42-->src/main/AndroidManifest.xml:34:5-78
42-->src/main/AndroidManifest.xml:34:22-75
43    <uses-permission android:name="android.permission.EXPAND_STATUS_BAR" />
43-->src/main/AndroidManifest.xml:35:5-76
43-->src/main/AndroidManifest.xml:35:22-73
44
45    <!-- 穿山甲融合SDK额外权限 -->
46    <uses-permission android:name="android.permission.FOREGROUND_SERVICE" />
46-->src/main/AndroidManifest.xml:38:5-77
46-->src/main/AndroidManifest.xml:38:22-74
47    <uses-permission android:name="android.permission.RECORD_AUDIO" />
47-->src/main/AndroidManifest.xml:39:5-71
47-->src/main/AndroidManifest.xml:39:22-68
48    <uses-permission android:name="android.permission.MODIFY_AUDIO_SETTINGS" />
48-->src/main/AndroidManifest.xml:40:5-80
48-->src/main/AndroidManifest.xml:40:22-77
49    <uses-permission android:name="android.permission.ACCESS_LOCATION_EXTRA_COMMANDS" />
49-->src/main/AndroidManifest.xml:41:5-89
49-->src/main/AndroidManifest.xml:41:22-86
50    <uses-permission android:name="android.permission.BLUETOOTH" />
50-->src/main/AndroidManifest.xml:42:5-68
50-->src/main/AndroidManifest.xml:42:22-65
51    <uses-permission android:name="android.permission.BLUETOOTH_ADMIN" />
51-->src/main/AndroidManifest.xml:43:5-74
51-->src/main/AndroidManifest.xml:43:22-71
52
53    <!-- 穿山甲SDK必要权限，解决安全风险漏洞 -->
54    <permission
55        android:name="com.jiankangpaika.app.openadsdk.permission.TT_PANGOLIN"
55-->src/main/AndroidManifest.xml:47:9-73
56        android:protectionLevel="signature" />
56-->src/main/AndroidManifest.xml:48:9-44
57
58    <uses-permission android:name="com.jiankangpaika.app.openadsdk.permission.TT_PANGOLIN" />
58-->src/main/AndroidManifest.xml:49:22-86
59    <uses-permission android:name="com.asus.msa.SupplementaryDID.ACCESS" />
59-->[open_ad_sdk_7.0.1.2.aar] AndroidManifest.xml:9:3-73
59-->[open_ad_sdk_7.0.1.2.aar] AndroidManifest.xml:9:20-71
60
61    <queries>
61-->[open_ad_sdk_7.0.1.2.aar] AndroidManifest.xml:10:3-18:13
62        <package android:name="com.ss.android.ugc.aweme" />
62-->[open_ad_sdk_7.0.1.2.aar] AndroidManifest.xml:11:5-55
62-->[open_ad_sdk_7.0.1.2.aar] AndroidManifest.xml:11:14-53
63        <package android:name="com.ss.android.ugc.aweme.lite" />
63-->[open_ad_sdk_7.0.1.2.aar] AndroidManifest.xml:12:5-60
63-->[open_ad_sdk_7.0.1.2.aar] AndroidManifest.xml:12:14-58
64
65        <intent>
65-->[open_ad_sdk_7.0.1.2.aar] AndroidManifest.xml:13:5-17:14
66            <action android:name="android.intent.action.VIEW" />
66-->[open_ad_sdk_7.0.1.2.aar] AndroidManifest.xml:14:7-58
66-->[open_ad_sdk_7.0.1.2.aar] AndroidManifest.xml:14:15-56
67
68            <category android:name="android.intent.category.BROWSABLE" />
68-->[open_ad_sdk_7.0.1.2.aar] AndroidManifest.xml:15:7-67
68-->[open_ad_sdk_7.0.1.2.aar] AndroidManifest.xml:15:17-65
69
70            <data android:scheme="https" />
70-->[open_ad_sdk_7.0.1.2.aar] AndroidManifest.xml:16:7-37
70-->[open_ad_sdk_7.0.1.2.aar] AndroidManifest.xml:16:13-35
71        </intent>
72        <intent>
72-->[anythink_core.aar] AndroidManifest.xml:17:9-21:18
73            <action android:name="android.intent.action.MAIN" />
73-->src/main/AndroidManifest.xml:75:17-69
73-->src/main/AndroidManifest.xml:75:25-66
74
75            <category android:name="android.intent.category.LAUNCHER" />
75-->src/main/AndroidManifest.xml:76:17-77
75-->src/main/AndroidManifest.xml:76:27-74
76        </intent>
77    </queries>
78
79    <uses-permission android:name="com.google.android.gms.permission.AD_ID" />
79-->[unity-ads-4.3.0.aar] AndroidManifest.xml:11:5-79
79-->[unity-ads-4.3.0.aar] AndroidManifest.xml:11:22-76
80    <uses-permission android:name="android.permission.REORDER_TASKS" />
80-->[GDTSDK.unionNormal.4.642.1512.aar] AndroidManifest.xml:24:5-72
80-->[GDTSDK.unionNormal.4.642.1512.aar] AndroidManifest.xml:24:22-69
81
82    <permission
82-->[androidx.core:core:1.12.0] AndroidManifest.xml:22:5-24:47
83        android:name="com.jiankangpaika.app.DYNAMIC_RECEIVER_NOT_EXPORTED_PERMISSION"
83-->[androidx.core:core:1.12.0] AndroidManifest.xml:23:9-81
84        android:protectionLevel="signature" />
84-->[androidx.core:core:1.12.0] AndroidManifest.xml:24:9-44
85
86    <uses-permission android:name="com.jiankangpaika.app.DYNAMIC_RECEIVER_NOT_EXPORTED_PERMISSION" />
86-->[androidx.core:core:1.12.0] AndroidManifest.xml:26:5-97
86-->[androidx.core:core:1.12.0] AndroidManifest.xml:26:22-94
87
88    <application
88-->src/main/AndroidManifest.xml:51:5-123:19
89        android:name="com.jiankangpaika.app.ShenHuoBaoApplication"
89-->src/main/AndroidManifest.xml:52:9-46
90        android:allowBackup="true"
90-->src/main/AndroidManifest.xml:53:9-35
91        android:appComponentFactory="androidx.core.app.CoreComponentFactory"
91-->[androidx.core:core:1.12.0] AndroidManifest.xml:28:18-86
92        android:dataExtractionRules="@xml/data_extraction_rules"
92-->src/main/AndroidManifest.xml:54:9-65
93        android:extractNativeLibs="false"
94        android:fullBackupContent="@xml/backup_rules"
94-->src/main/AndroidManifest.xml:55:9-54
95        android:hardwareAccelerated="true"
95-->[open_ad_sdk_7.0.1.2.aar] AndroidManifest.xml:25:43-77
96        android:icon="@drawable/logo"
96-->src/main/AndroidManifest.xml:56:9-38
97        android:label="@string/app_name"
97-->src/main/AndroidManifest.xml:58:9-41
98        android:networkSecurityConfig="@xml/network_config"
98-->src/main/AndroidManifest.xml:62:9-60
99        android:roundIcon="@drawable/logo"
99-->src/main/AndroidManifest.xml:57:9-43
100        android:supportsRtl="true"
100-->src/main/AndroidManifest.xml:59:9-35
101        android:theme="@style/Theme.ShenHuoBao"
101-->src/main/AndroidManifest.xml:60:9-48
102        android:usesCleartextTraffic="false" >
102-->src/main/AndroidManifest.xml:61:9-45
103
104        <!-- android:networkSecurityConfig="@xml/network_security_config" -->
105
106
107        <!-- 开屏页面 -->
108        <activity
108-->src/main/AndroidManifest.xml:68:9-78:20
109            android:name="com.jiankangpaika.app.SplashActivity"
109-->src/main/AndroidManifest.xml:69:13-43
110            android:exported="true"
110-->src/main/AndroidManifest.xml:70:13-36
111            android:label="@string/app_name"
111-->src/main/AndroidManifest.xml:71:13-45
112            android:screenOrientation="portrait"
112-->src/main/AndroidManifest.xml:73:13-49
113            android:theme="@style/Theme.AppCompat.Light.NoActionBar" >
113-->src/main/AndroidManifest.xml:72:13-69
114            <intent-filter>
114-->src/main/AndroidManifest.xml:74:13-77:29
115                <action android:name="android.intent.action.MAIN" />
115-->src/main/AndroidManifest.xml:75:17-69
115-->src/main/AndroidManifest.xml:75:25-66
116
117                <category android:name="android.intent.category.LAUNCHER" />
117-->src/main/AndroidManifest.xml:76:17-77
117-->src/main/AndroidManifest.xml:76:27-74
118            </intent-filter>
119        </activity>
120
121        <!-- 主页面 -->
122        <activity
122-->src/main/AndroidManifest.xml:81:9-85:55
123            android:name="com.jiankangpaika.app.MainActivity"
123-->src/main/AndroidManifest.xml:82:13-41
124            android:exported="false"
124-->src/main/AndroidManifest.xml:83:13-37
125            android:label="@string/app_name"
125-->src/main/AndroidManifest.xml:84:13-45
126            android:theme="@style/Theme.ShenHuoBao" />
126-->src/main/AndroidManifest.xml:85:13-52
127
128        <!-- FileProvider for camera functionality -->
129        <provider
130            android:name="androidx.core.content.FileProvider"
130-->src/main/AndroidManifest.xml:91:13-62
131            android:authorities="com.jiankangpaika.app.fileprovider"
131-->src/main/AndroidManifest.xml:92:13-64
132            android:exported="false"
132-->src/main/AndroidManifest.xml:93:13-37
133            android:grantUriPermissions="true" >
133-->src/main/AndroidManifest.xml:94:13-47
134            <meta-data
134-->src/main/AndroidManifest.xml:95:13-97:54
135                android:name="android.support.FILE_PROVIDER_PATHS"
135-->src/main/AndroidManifest.xml:96:17-67
136                android:resource="@xml/file_paths" />
136-->src/main/AndroidManifest.xml:97:17-51
137        </provider>
138
139        <!-- 穿山甲广告SDK所需的Provider配置 -->
140        <!-- 适配Android7.0及以上 -->
141        <provider
142            android:name="com.bytedance.sdk.openadsdk.TTFileProvider"
142-->src/main/AndroidManifest.xml:103:13-70
143            android:authorities="com.jiankangpaika.app.TTFileProvider"
143-->src/main/AndroidManifest.xml:104:13-66
144            android:exported="false"
144-->src/main/AndroidManifest.xml:105:13-37
145            android:grantUriPermissions="true" >
145-->src/main/AndroidManifest.xml:106:13-47
146            <meta-data
146-->src/main/AndroidManifest.xml:95:13-97:54
147                android:name="android.support.FILE_PROVIDER_PATHS"
147-->src/main/AndroidManifest.xml:96:17-67
148                android:resource="@xml/tt_file_paths" />
148-->src/main/AndroidManifest.xml:97:17-51
149        </provider>
150
151        <!-- 单进程或多进程都必须配置 -->
152        <provider
153            android:name="com.bytedance.sdk.openadsdk.multipro.TTMultiProvider"
153-->src/main/AndroidManifest.xml:114:13-80
154            android:authorities="com.jiankangpaika.app.TTMultiProvider"
154-->src/main/AndroidManifest.xml:115:13-67
155            android:exported="false" />
155-->src/main/AndroidManifest.xml:116:13-37
156
157        <!-- 解决穿山甲SDK版本冲突的meta-data配置 -->
158        <meta-data
158-->src/main/AndroidManifest.xml:119:9-122:45
159            android:name="ZEUS_PLUGIN_PANGLE"
159-->src/main/AndroidManifest.xml:120:13-46
160            android:value="true" />
160-->src/main/AndroidManifest.xml:121:13-33
161
162        <receiver
162-->[open_ad_sdk_7.0.1.2.aar] AndroidManifest.xml:26:5-125
163            android:name="com.bytedance.embedapplog.collector.Collector"
163-->[open_ad_sdk_7.0.1.2.aar] AndroidManifest.xml:26:15-75
164            android:enabled="true"
164-->[open_ad_sdk_7.0.1.2.aar] AndroidManifest.xml:26:76-98
165            android:exported="false" />
165-->[open_ad_sdk_7.0.1.2.aar] AndroidManifest.xml:26:99-123
166
167        <activity
167-->[open_ad_sdk_7.0.1.2.aar] AndroidManifest.xml:27:5-130
168            android:name="com.ss.android.downloadlib.addownload.compliance.AppPrivacyPolicyActivity"
168-->[open_ad_sdk_7.0.1.2.aar] AndroidManifest.xml:27:15-103
169            android:exported="false" />
169-->[open_ad_sdk_7.0.1.2.aar] AndroidManifest.xml:27:104-128
170        <activity
170-->[open_ad_sdk_7.0.1.2.aar] AndroidManifest.xml:28:5-127
171            android:name="com.ss.android.downloadlib.addownload.compliance.AppDetailInfoActivity"
171-->[open_ad_sdk_7.0.1.2.aar] AndroidManifest.xml:28:15-100
172            android:exported="false" />
172-->[open_ad_sdk_7.0.1.2.aar] AndroidManifest.xml:28:101-125
173        <activity
173-->[open_ad_sdk_7.0.1.2.aar] AndroidManifest.xml:29:5-203
174            android:name="com.ss.android.downloadlib.activity.TTDelegateActivity"
174-->[open_ad_sdk_7.0.1.2.aar] AndroidManifest.xml:29:15-84
175            android:exported="false"
175-->[open_ad_sdk_7.0.1.2.aar] AndroidManifest.xml:29:177-201
176            android:launchMode="singleTask"
176-->[open_ad_sdk_7.0.1.2.aar] AndroidManifest.xml:29:85-116
177            android:theme="@android:style/Theme.Translucent.NoTitleBar" />
177-->[open_ad_sdk_7.0.1.2.aar] AndroidManifest.xml:29:117-176
178        <activity
178-->[open_ad_sdk_7.0.1.2.aar] AndroidManifest.xml:30:5-201
179            android:name="com.ss.android.downloadlib.activity.JumpKllkActivity"
179-->[open_ad_sdk_7.0.1.2.aar] AndroidManifest.xml:30:15-82
180            android:exported="false"
180-->[open_ad_sdk_7.0.1.2.aar] AndroidManifest.xml:30:175-199
181            android:launchMode="singleTask"
181-->[open_ad_sdk_7.0.1.2.aar] AndroidManifest.xml:30:83-114
182            android:theme="@android:style/Theme.Translucent.NoTitleBar" />
182-->[open_ad_sdk_7.0.1.2.aar] AndroidManifest.xml:30:115-174
183
184        <receiver
184-->[open_ad_sdk_7.0.1.2.aar] AndroidManifest.xml:31:5-114
185            android:name="com.ss.android.downloadlib.core.download.DownloadReceiver"
185-->[open_ad_sdk_7.0.1.2.aar] AndroidManifest.xml:31:15-87
186            android:exported="false" />
186-->[open_ad_sdk_7.0.1.2.aar] AndroidManifest.xml:31:88-112
187
188        <activity
188-->[open_ad_sdk_7.0.1.2.aar] AndroidManifest.xml:32:5-168
189            android:name="com.ss.android.socialbase.appdownloader.view.DownloadHandleNotificationActivity"
189-->[open_ad_sdk_7.0.1.2.aar] AndroidManifest.xml:32:15-109
190            android:exported="false"
190-->[open_ad_sdk_7.0.1.2.aar] AndroidManifest.xml:32:110-134
191            android:launchMode="singleTask" />
191-->[open_ad_sdk_7.0.1.2.aar] AndroidManifest.xml:32:135-166
192
193        <service
193-->[open_ad_sdk_7.0.1.2.aar] AndroidManifest.xml:33:5-146
194            android:name="com.ss.android.socialbase.appdownloader.DownloadHandlerService"
194-->[open_ad_sdk_7.0.1.2.aar] AndroidManifest.xml:33:14-91
195            android:exported="false"
195-->[open_ad_sdk_7.0.1.2.aar] AndroidManifest.xml:33:92-116
196            android:stopWithTask="true" />
196-->[open_ad_sdk_7.0.1.2.aar] AndroidManifest.xml:33:117-144
197
198        <activity
198-->[open_ad_sdk_7.0.1.2.aar] AndroidManifest.xml:34:5-204
199            android:name="com.ss.android.socialbase.appdownloader.view.DownloadTaskDeleteActivity"
199-->[open_ad_sdk_7.0.1.2.aar] AndroidManifest.xml:34:15-101
200            android:exported="false"
200-->[open_ad_sdk_7.0.1.2.aar] AndroidManifest.xml:34:102-126
201            android:launchMode="singleTask"
201-->[open_ad_sdk_7.0.1.2.aar] AndroidManifest.xml:34:127-158
202            android:theme="@android:style/Theme.Dialog" />
202-->[open_ad_sdk_7.0.1.2.aar] AndroidManifest.xml:34:159-202
203        <activity
203-->[open_ad_sdk_7.0.1.2.aar] AndroidManifest.xml:35:5-203
204            android:name="com.ss.android.socialbase.appdownloader.view.JumpUnknownSourceActivity"
204-->[open_ad_sdk_7.0.1.2.aar] AndroidManifest.xml:35:15-100
205            android:exported="false"
205-->[open_ad_sdk_7.0.1.2.aar] AndroidManifest.xml:35:101-125
206            android:launchMode="singleTask"
206-->[open_ad_sdk_7.0.1.2.aar] AndroidManifest.xml:35:126-157
207            android:theme="@android:style/Theme.Dialog" />
207-->[open_ad_sdk_7.0.1.2.aar] AndroidManifest.xml:35:158-201
208
209        <service
209-->[open_ad_sdk_7.0.1.2.aar] AndroidManifest.xml:36:5-228
210            android:name="com.ss.android.socialbase.appdownloader.RetryJobSchedulerService"
210-->[open_ad_sdk_7.0.1.2.aar] AndroidManifest.xml:36:14-93
211            android:enabled="true"
211-->[open_ad_sdk_7.0.1.2.aar] AndroidManifest.xml:36:94-116
212            android:exported="false"
212-->[open_ad_sdk_7.0.1.2.aar] AndroidManifest.xml:36:117-141
213            android:permission="android.permission.BIND_JOB_SERVICE"
213-->[open_ad_sdk_7.0.1.2.aar] AndroidManifest.xml:36:142-198
214            android:stopWithTask="true" />
214-->[open_ad_sdk_7.0.1.2.aar] AndroidManifest.xml:36:199-226
215        <service
215-->[open_ad_sdk_7.0.1.2.aar] AndroidManifest.xml:37:5-41:15
216            android:name="com.ss.android.socialbase.downloader.downloader.CSJIndependentProcessDownloadService"
216-->[open_ad_sdk_7.0.1.2.aar] AndroidManifest.xml:37:14-113
217            android:exported="false"
217-->[open_ad_sdk_7.0.1.2.aar] AndroidManifest.xml:37:114-138
218            android:process=":downloader"
218-->[open_ad_sdk_7.0.1.2.aar] AndroidManifest.xml:37:139-168
219            android:stopWithTask="true" >
219-->[open_ad_sdk_7.0.1.2.aar] AndroidManifest.xml:37:169-196
220            <intent-filter>
220-->[open_ad_sdk_7.0.1.2.aar] AndroidManifest.xml:38:7-40:23
221                <action android:name="com.ss.android.socialbase.downloader.remote" />
221-->[open_ad_sdk_7.0.1.2.aar] AndroidManifest.xml:39:9-77
221-->[open_ad_sdk_7.0.1.2.aar] AndroidManifest.xml:39:17-75
222            </intent-filter>
223        </service>
224        <service
224-->[open_ad_sdk_7.0.1.2.aar] AndroidManifest.xml:42:5-161
225            android:name="com.ss.android.socialbase.downloader.notification.DownloadNotificationService"
225-->[open_ad_sdk_7.0.1.2.aar] AndroidManifest.xml:42:14-106
226            android:exported="false"
226-->[open_ad_sdk_7.0.1.2.aar] AndroidManifest.xml:42:107-131
227            android:stopWithTask="true" />
227-->[open_ad_sdk_7.0.1.2.aar] AndroidManifest.xml:42:132-159
228        <service
228-->[open_ad_sdk_7.0.1.2.aar] AndroidManifest.xml:43:5-150
229            android:name="com.ss.android.socialbase.downloader.downloader.CSJDownloadService"
229-->[open_ad_sdk_7.0.1.2.aar] AndroidManifest.xml:43:14-95
230            android:exported="false"
230-->[open_ad_sdk_7.0.1.2.aar] AndroidManifest.xml:43:96-120
231            android:stopWithTask="true" />
231-->[open_ad_sdk_7.0.1.2.aar] AndroidManifest.xml:43:121-148
232        <service
232-->[open_ad_sdk_7.0.1.2.aar] AndroidManifest.xml:44:5-148
233            android:name="com.ss.android.socialbase.downloader.impls.DownloadHandleService"
233-->[open_ad_sdk_7.0.1.2.aar] AndroidManifest.xml:44:14-93
234            android:exported="false"
234-->[open_ad_sdk_7.0.1.2.aar] AndroidManifest.xml:44:94-118
235            android:stopWithTask="true" />
235-->[open_ad_sdk_7.0.1.2.aar] AndroidManifest.xml:44:119-146
236        <service
236-->[open_ad_sdk_7.0.1.2.aar] AndroidManifest.xml:45:5-155
237            android:name="com.ss.android.socialbase.downloader.downloader.SqlDownloadCacheService"
237-->[open_ad_sdk_7.0.1.2.aar] AndroidManifest.xml:45:14-100
238            android:exported="false"
238-->[open_ad_sdk_7.0.1.2.aar] AndroidManifest.xml:45:101-125
239            android:stopWithTask="true" />
239-->[open_ad_sdk_7.0.1.2.aar] AndroidManifest.xml:45:126-153
240
241        <activity
241-->[open_ad_sdk_7.0.1.2.aar] AndroidManifest.xml:46:5-297
242            android:name="com.bytedance.sdk.openadsdk.core.activity.base.TTNativePageActivity"
242-->[open_ad_sdk_7.0.1.2.aar] AndroidManifest.xml:46:15-97
243            android:configChanges="keyboardHidden|orientation|screenSize"
243-->[open_ad_sdk_7.0.1.2.aar] AndroidManifest.xml:46:98-159
244            android:exported="false"
244-->[open_ad_sdk_7.0.1.2.aar] AndroidManifest.xml:46:271-295
245            android:launchMode="standard"
245-->[open_ad_sdk_7.0.1.2.aar] AndroidManifest.xml:46:160-189
246            android:theme="@style/tt_landing_page"
246-->[open_ad_sdk_7.0.1.2.aar] AndroidManifest.xml:46:190-228
247            android:windowSoftInputMode="stateHidden" />
247-->[open_ad_sdk_7.0.1.2.aar] AndroidManifest.xml:46:229-270
248        <activity
248-->[open_ad_sdk_7.0.1.2.aar] AndroidManifest.xml:47:5-294
249            android:name="com.bytedance.sdk.openadsdk.core.activity.base.TTWebPageActivity"
249-->[open_ad_sdk_7.0.1.2.aar] AndroidManifest.xml:47:15-94
250            android:configChanges="keyboardHidden|orientation|screenSize"
250-->[open_ad_sdk_7.0.1.2.aar] AndroidManifest.xml:47:95-156
251            android:exported="false"
251-->[open_ad_sdk_7.0.1.2.aar] AndroidManifest.xml:47:268-292
252            android:launchMode="standard"
252-->[open_ad_sdk_7.0.1.2.aar] AndroidManifest.xml:47:157-186
253            android:theme="@style/tt_landing_page"
253-->[open_ad_sdk_7.0.1.2.aar] AndroidManifest.xml:47:187-225
254            android:windowSoftInputMode="stateHidden" />
254-->[open_ad_sdk_7.0.1.2.aar] AndroidManifest.xml:47:226-267
255        <activity
255-->[open_ad_sdk_7.0.1.2.aar] AndroidManifest.xml:48:5-299
256            android:name="com.bytedance.sdk.openadsdk.core.activity.base.TTVideoWebPageActivity"
256-->[open_ad_sdk_7.0.1.2.aar] AndroidManifest.xml:48:15-99
257            android:configChanges="keyboardHidden|orientation|screenSize"
257-->[open_ad_sdk_7.0.1.2.aar] AndroidManifest.xml:48:100-161
258            android:exported="false"
258-->[open_ad_sdk_7.0.1.2.aar] AndroidManifest.xml:48:273-297
259            android:launchMode="standard"
259-->[open_ad_sdk_7.0.1.2.aar] AndroidManifest.xml:48:162-191
260            android:theme="@style/tt_landing_page"
260-->[open_ad_sdk_7.0.1.2.aar] AndroidManifest.xml:48:192-230
261            android:windowSoftInputMode="stateHidden" />
261-->[open_ad_sdk_7.0.1.2.aar] AndroidManifest.xml:48:231-272
262        <activity
262-->[open_ad_sdk_7.0.1.2.aar] AndroidManifest.xml:49:5-305
263            android:name="com.bytedance.sdk.openadsdk.core.activity.base.TTVideoScrollWebPageActivity"
263-->[open_ad_sdk_7.0.1.2.aar] AndroidManifest.xml:49:15-105
264            android:configChanges="keyboardHidden|orientation|screenSize"
264-->[open_ad_sdk_7.0.1.2.aar] AndroidManifest.xml:49:106-167
265            android:exported="false"
265-->[open_ad_sdk_7.0.1.2.aar] AndroidManifest.xml:49:279-303
266            android:launchMode="standard"
266-->[open_ad_sdk_7.0.1.2.aar] AndroidManifest.xml:49:168-197
267            android:theme="@style/tt_landing_page"
267-->[open_ad_sdk_7.0.1.2.aar] AndroidManifest.xml:49:198-236
268            android:windowSoftInputMode="stateHidden" />
268-->[open_ad_sdk_7.0.1.2.aar] AndroidManifest.xml:49:237-278
269        <activity
269-->[open_ad_sdk_7.0.1.2.aar] AndroidManifest.xml:50:5-212
270            android:name="com.bytedance.sdk.openadsdk.core.activity.base.TTDelegateActivity"
270-->[open_ad_sdk_7.0.1.2.aar] AndroidManifest.xml:50:15-95
271            android:exported="false"
271-->[open_ad_sdk_7.0.1.2.aar] AndroidManifest.xml:50:186-210
272            android:launchMode="standard"
272-->[open_ad_sdk_7.0.1.2.aar] AndroidManifest.xml:50:96-125
273            android:theme="@android:style/Theme.Translucent.NoTitleBar" />
273-->[open_ad_sdk_7.0.1.2.aar] AndroidManifest.xml:50:126-185
274        <activity
274-->[open_ad_sdk_7.0.1.2.aar] AndroidManifest.xml:51:5-317
275            android:name="com.bytedance.sdk.openadsdk.core.component.reward.activity.TTRewardVideoActivity"
275-->[open_ad_sdk_7.0.1.2.aar] AndroidManifest.xml:51:15-110
276            android:configChanges="keyboardHidden|orientation|screenSize"
276-->[open_ad_sdk_7.0.1.2.aar] AndroidManifest.xml:51:111-172
277            android:exported="false"
277-->[open_ad_sdk_7.0.1.2.aar] AndroidManifest.xml:51:291-315
278            android:launchMode="standard"
278-->[open_ad_sdk_7.0.1.2.aar] AndroidManifest.xml:51:173-202
279            android:screenOrientation="portrait"
279-->[open_ad_sdk_7.0.1.2.aar] AndroidManifest.xml:51:203-239
280            android:theme="@style/tt_full_screen_no_animation" />
280-->[open_ad_sdk_7.0.1.2.aar] AndroidManifest.xml:51:240-290
281        <activity
281-->[open_ad_sdk_7.0.1.2.aar] AndroidManifest.xml:52:5-321
282            android:name="com.bytedance.sdk.openadsdk.core.component.reward.activity.TTFullScreenVideoActivity"
282-->[open_ad_sdk_7.0.1.2.aar] AndroidManifest.xml:52:15-114
283            android:configChanges="keyboardHidden|orientation|screenSize"
283-->[open_ad_sdk_7.0.1.2.aar] AndroidManifest.xml:52:115-176
284            android:exported="false"
284-->[open_ad_sdk_7.0.1.2.aar] AndroidManifest.xml:52:295-319
285            android:launchMode="standard"
285-->[open_ad_sdk_7.0.1.2.aar] AndroidManifest.xml:52:177-206
286            android:screenOrientation="portrait"
286-->[open_ad_sdk_7.0.1.2.aar] AndroidManifest.xml:52:207-243
287            android:theme="@style/tt_full_screen_no_animation" />
287-->[open_ad_sdk_7.0.1.2.aar] AndroidManifest.xml:52:244-294
288        <activity
288-->[open_ad_sdk_7.0.1.2.aar] AndroidManifest.xml:53:5-327
289            android:name="com.bytedance.sdk.openadsdk.core.component.reward.activity.TTRewardVideoLandscapeActivity"
289-->[open_ad_sdk_7.0.1.2.aar] AndroidManifest.xml:53:15-119
290            android:configChanges="keyboardHidden|orientation|screenSize"
290-->[open_ad_sdk_7.0.1.2.aar] AndroidManifest.xml:53:120-181
291            android:exported="false"
291-->[open_ad_sdk_7.0.1.2.aar] AndroidManifest.xml:53:301-325
292            android:launchMode="standard"
292-->[open_ad_sdk_7.0.1.2.aar] AndroidManifest.xml:53:182-211
293            android:screenOrientation="landscape"
293-->[open_ad_sdk_7.0.1.2.aar] AndroidManifest.xml:53:212-249
294            android:theme="@style/tt_full_screen_no_animation" />
294-->[open_ad_sdk_7.0.1.2.aar] AndroidManifest.xml:53:250-300
295        <activity
295-->[open_ad_sdk_7.0.1.2.aar] AndroidManifest.xml:54:5-331
296            android:name="com.bytedance.sdk.openadsdk.core.component.reward.activity.TTFullScreenVideoLandscapeActivity"
296-->[open_ad_sdk_7.0.1.2.aar] AndroidManifest.xml:54:15-123
297            android:configChanges="keyboardHidden|orientation|screenSize"
297-->[open_ad_sdk_7.0.1.2.aar] AndroidManifest.xml:54:124-185
298            android:exported="false"
298-->[open_ad_sdk_7.0.1.2.aar] AndroidManifest.xml:54:305-329
299            android:launchMode="standard"
299-->[open_ad_sdk_7.0.1.2.aar] AndroidManifest.xml:54:186-215
300            android:screenOrientation="landscape"
300-->[open_ad_sdk_7.0.1.2.aar] AndroidManifest.xml:54:216-253
301            android:theme="@style/tt_full_screen_no_animation" />
301-->[open_ad_sdk_7.0.1.2.aar] AndroidManifest.xml:54:254-304
302
303        <service
303-->[open_ad_sdk_7.0.1.2.aar] AndroidManifest.xml:55:5-120
304            android:name="com.bytedance.sdk.openadsdk.core.multipro.aidl.BinderPoolService"
304-->[open_ad_sdk_7.0.1.2.aar] AndroidManifest.xml:55:14-93
305            android:exported="false" />
305-->[open_ad_sdk_7.0.1.2.aar] AndroidManifest.xml:55:94-118
306
307        <meta-data
307-->[open_ad_sdk_7.0.1.2.aar] AndroidManifest.xml:57:5-244
308            android:name="ZEUS_PLUGIN_com.byted.csj.ext"
308-->[open_ad_sdk_7.0.1.2.aar] AndroidManifest.xml:57:16-60
309            android:value="{apiVersionCode:999,packageName:com.byted.csj.ext,minPluginVersion:1000,maxPluginVersion:999999999,internalPath:&apos;&apos;,internalVersionCode:-1, appKey:&apos;&apos;,appSecretKey:&apos;&apos;}" />
309-->[open_ad_sdk_7.0.1.2.aar] AndroidManifest.xml:57:61-242
310
311        <activity